<?xml version="1.0" encoding="UTF-8"?>
<!-- Generated by org.testng.reporters.JUnitReportReporter -->
<testsuite skipped="0" hostname="LAPTOP-PP7LTPN0" name="com.demoaut.newtours.TestScripts.VerifyInvalidLoginTest" tests="1" failures="0" timestamp="03 Nov 2019 17:57:40 GMT" time="41.700" errors="0">
  <testcase name="verifyInvalidLoginTest" time="41.700" classname="com.demoaut.newtours.TestScripts.VerifyInvalidLoginTest"/>
</testsuite> <!-- com.demoaut.newtours.TestScripts.VerifyInvalidLoginTest -->
