<?xml version="1.0" encoding="UTF-8"?>
<!-- Generated by org.testng.reporters.JUnitReportReporter -->
<testsuite skipped="0" hostname="LAPTOP-PP7LTPN0" name="kdf.Application" tests="1" failures="0" timestamp="09 Nov 2019 18:07:58 GMT" time="107.448" errors="0">
  <testcase name="verifyInvalidLogin" time="107.448" classname="kdf.Application"/>
</testsuite> <!-- kdf.Application -->
